2021-03-14 20:46:35.244 - INFO - 5328 - azureml.automl.core.dataset_utilities._save_datasets_to_json:148 - JSON serialization of input of type <class 'NoneType'> is un-supported.
2021-03-14 20:46:35.253 - INFO - 5328 - azureml.automl.core.dataset_utilities._save_datasets_to_json:148 - JSON serialization of input of type <class 'NoneType'> is un-supported.
2021-03-14 20:46:35.255 - INFO - 5328 - azureml.train.automl._experiment_drivers.driver_utilities.validate_input:105 - Start data validation.
2021-03-14 20:46:35.272 - CRITICAL - 5328 - azureml.train.automl._experiment_drivers.driver_utilities.log_traceback:224 - Type: Unclassified
Class: ValueError
Message: experiment_id should not be None.
Traceback:
  File "driver_utilities.py", line 114, in validate_input
    validation_results = experiment_state.jasmine_client.post_validate_service(parent_run_dto)
  File "jasmine_client.py", line 60, in post_validate_service
    self._client.jasmine.validate_run_input, create_parent_run_dto)
  File "experiment_client.py", line 261, in _execute_with_experimentid_arguments
    raise ValueError("experiment_id should not be None.")

ExceptionTarget: Unspecified
2021-03-14 20:46:35.272 - WARNING - 5328 - azureml.train.automl._experiment_drivers.driver_utilities.validate_input:122 - Validation service meet exceptions, continue training now.
2021-03-14 21:31:34.006 - INFO - 5328 - azureml.automl.runtime.distributed.utilities.horovod_initialized:58 - Horovod not found in current environment. Distribution via Horovod will be disabled.
2021-03-14 21:31:37.064 - INFO - 5328 - azureml.automl.runtime.featurization.data_transformer.__init__:174 - Feature sweeping enabled: False
2021-03-14 21:31:37.064 - INFO - 5328 - azureml.automl.runtime.featurization.data_transformer.__init__:175 - Feature sweeping timeout: 86400
2021-03-14 21:32:42.150 - INFO - 5328 - azureml.automl.runtime.featurization.data_transformer.__init__:174 - Feature sweeping enabled: False
2021-03-14 21:32:42.150 - INFO - 5328 - azureml.automl.runtime.featurization.data_transformer.__init__:175 - Feature sweeping timeout: 86400
2021-03-14 21:38:35.879 - INFO - 5328 - azureml.automl.runtime.featurization.data_transformer.__init__:174 - Feature sweeping enabled: False
2021-03-14 21:38:35.879 - INFO - 5328 - azureml.automl.runtime.featurization.data_transformer.__init__:175 - Feature sweeping timeout: 86400
2021-03-14 21:44:01.357 - INFO - 5328 - azureml.automl.runtime.featurization.data_transformer.__init__:174 - Feature sweeping enabled: False
2021-03-14 21:44:01.357 - INFO - 5328 - azureml.automl.runtime.featurization.data_transformer.__init__:175 - Feature sweeping timeout: 86400
2021-03-14 21:50:26.422 - INFO - 5328 - azureml.automl.core.dataset_utilities._save_datasets_to_json:148 - JSON serialization of input of type <class 'NoneType'> is un-supported.
2021-03-14 21:50:26.423 - INFO - 5328 - azureml.automl.core.dataset_utilities._save_datasets_to_json:148 - JSON serialization of input of type <class 'NoneType'> is un-supported.
2021-03-14 21:50:26.424 - INFO - 5328 - azureml.train.automl._experiment_drivers.driver_utilities.validate_input:105 - Start data validation.
2021-03-14 21:50:26.451 - CRITICAL - 5328 - azureml.train.automl._experiment_drivers.driver_utilities.log_traceback:224 - Type: Unclassified
Class: ValueError
Message: experiment_id should not be None.
Traceback:
  File "driver_utilities.py", line 114, in validate_input
    validation_results = experiment_state.jasmine_client.post_validate_service(parent_run_dto)
  File "jasmine_client.py", line 60, in post_validate_service
    self._client.jasmine.validate_run_input, create_parent_run_dto)
  File "experiment_client.py", line 261, in _execute_with_experimentid_arguments
    raise ValueError("experiment_id should not be None.")

ExceptionTarget: Unspecified
2021-03-14 21:50:26.451 - WARNING - 5328 - azureml.train.automl._experiment_drivers.driver_utilities.validate_input:122 - Validation service meet exceptions, continue training now.
2021-03-14 22:16:55.919 - INFO - 5328 - azureml.automl.runtime.featurization.data_transformer.__init__:174 - Feature sweeping enabled: False
2021-03-14 22:16:55.919 - INFO - 5328 - azureml.automl.runtime.featurization.data_transformer.__init__:175 - Feature sweeping timeout: 86400
2021-03-14 22:17:20.511 - INFO - 5328 - azureml.automl.runtime.featurization.data_transformer._apply_transforms:491 - Starting to apply transforms. Total ram: 29504057344 bytes
2021-03-14 22:17:20.521 - INFO - 5328 - azureml.automl.runtime.featurization.data_transformer._apply_transforms:502 - Transform memory estimate: 0 bytes, Current available memory: 23652335616 bytes
2021-03-14 22:17:20.521 - INFO - 5328 - azureml.automl.runtime.featurization.data_transformer._apply_transforms:512 - SimpleImputer: Applying transform.
2021-03-14 22:17:20.525 - INFO - 5328 - azureml.automl.runtime.featurization.data_transformer._apply_transforms:526 - SimpleImputer: Finished applying transform. Shape (32950, 1)
2021-03-14 22:17:20.526 - INFO - 5328 - azureml.automl.runtime.featurization.data_transformer._apply_transforms:502 - Transform memory estimate: 0 bytes, Current available memory: 23652118528 bytes
2021-03-14 22:17:20.526 - INFO - 5328 - azureml.automl.runtime.featurization.data_transformer._apply_transforms:512 - SimpleImputer: Applying transform.
2021-03-14 22:17:20.529 - INFO - 5328 - azureml.automl.runtime.featurization.data_transformer._apply_transforms:526 - SimpleImputer: Finished applying transform. Shape (32950, 1)
2021-03-14 22:17:20.531 - INFO - 5328 - azureml.automl.runtime.featurization.data_transformer._apply_transforms:502 - Transform memory estimate: 0 bytes, Current available memory: 23651864576 bytes
2021-03-14 22:17:20.532 - INFO - 5328 - azureml.automl.runtime.featurization.data_transformer._apply_transforms:512 - SimpleImputer: Applying transform.
2021-03-14 22:17:20.539 - INFO - 5328 - azureml.automl.runtime.featurization.data_transformer._apply_transforms:526 - SimpleImputer: Finished applying transform. Shape (32950, 1)
2021-03-14 22:17:20.540 - INFO - 5328 - azureml.automl.runtime.featurization.data_transformer._apply_transforms:502 - Transform memory estimate: 0 bytes, Current available memory: 23651610624 bytes
2021-03-14 22:17:20.540 - INFO - 5328 - azureml.automl.runtime.featurization.data_transformer._apply_transforms:512 - SimpleImputer: Applying transform.
2021-03-14 22:17:20.543 - INFO - 5328 - azureml.automl.runtime.featurization.data_transformer._apply_transforms:526 - SimpleImputer: Finished applying transform. Shape (32950, 1)
2021-03-14 22:17:20.544 - INFO - 5328 - azureml.automl.runtime.featurization.data_transformer._apply_transforms:502 - Transform memory estimate: 0 bytes, Current available memory: 23651356672 bytes
2021-03-14 22:17:20.544 - INFO - 5328 - azureml.automl.runtime.featurization.data_transformer._apply_transforms:512 - SimpleImputer: Applying transform.
2021-03-14 22:17:20.547 - INFO - 5328 - azureml.automl.runtime.featurization.data_transformer._apply_transforms:526 - SimpleImputer: Finished applying transform. Shape (32950, 1)
2021-03-14 22:17:20.547 - INFO - 5328 - azureml.automl.runtime.featurization.data_transformer._apply_transforms:502 - Transform memory estimate: 0 bytes, Current available memory: 23651069952 bytes
2021-03-14 22:17:20.547 - INFO - 5328 - azureml.automl.runtime.featurization.data_transformer._apply_transforms:512 - SimpleImputer: Applying transform.
2021-03-14 22:17:20.550 - INFO - 5328 - azureml.automl.runtime.featurization.data_transformer._apply_transforms:526 - SimpleImputer: Finished applying transform. Shape (32950, 1)
2021-03-14 22:17:20.550 - INFO - 5328 - azureml.automl.runtime.featurization.data_transformer._apply_transforms:502 - Transform memory estimate: 0 bytes, Current available memory: 23650816000 bytes
2021-03-14 22:17:20.550 - INFO - 5328 - azureml.automl.runtime.featurization.data_transformer._apply_transforms:512 - SimpleImputer: Applying transform.
2021-03-14 22:17:20.552 - INFO - 5328 - azureml.automl.runtime.featurization.data_transformer._apply_transforms:526 - SimpleImputer: Finished applying transform. Shape (32950, 1)
2021-03-14 22:17:20.553 - INFO - 5328 - azureml.automl.runtime.featurization.data_transformer._apply_transforms:502 - Transform memory estimate: 0 bytes, Current available memory: 23650562048 bytes
2021-03-14 22:17:20.553 - INFO - 5328 - azureml.automl.runtime.featurization.data_transformer._apply_transforms:512 - StringCastTransformer,CountVectorizer: Applying transform.
2021-03-14 22:17:20.673 - INFO - 5328 - azureml.automl.runtime.featurization.data_transformer._apply_transforms:526 - StringCastTransformer,CountVectorizer: Finished applying transform. Shape (32950, 12)
2021-03-14 22:17:20.674 - INFO - 5328 - azureml.automl.runtime.featurization.data_transformer._apply_transforms:502 - Transform memory estimate: 0 bytes, Current available memory: 23648911360 bytes
2021-03-14 22:17:20.674 - INFO - 5328 - azureml.automl.runtime.featurization.data_transformer._apply_transforms:512 - StringCastTransformer,CountVectorizer: Applying transform.
2021-03-14 22:17:20.803 - INFO - 5328 - azureml.automl.runtime.featurization.data_transformer._apply_transforms:526 - StringCastTransformer,CountVectorizer: Finished applying transform. Shape (32950, 4)
2021-03-14 22:17:20.804 - INFO - 5328 - azureml.automl.runtime.featurization.data_transformer._apply_transforms:502 - Transform memory estimate: 0 bytes, Current available memory: 23648276480 bytes
2021-03-14 22:17:20.804 - INFO - 5328 - azureml.automl.runtime.featurization.data_transformer._apply_transforms:512 - StringCastTransformer,CountVectorizer: Applying transform.
2021-03-14 22:17:20.918 - INFO - 5328 - azureml.automl.runtime.featurization.data_transformer._apply_transforms:526 - StringCastTransformer,CountVectorizer: Finished applying transform. Shape (32950, 8)
2021-03-14 22:17:20.919 - INFO - 5328 - azureml.automl.runtime.featurization.data_transformer._apply_transforms:502 - Transform memory estimate: 0 bytes, Current available memory: 23648022528 bytes
2021-03-14 22:17:20.919 - INFO - 5328 - azureml.automl.runtime.featurization.data_transformer._apply_transforms:512 - StringCastTransformer,CountVectorizer: Applying transform.
2021-03-14 22:17:21.031 - INFO - 5328 - azureml.automl.runtime.featurization.data_transformer._apply_transforms:526 - StringCastTransformer,CountVectorizer: Finished applying transform. Shape (32950, 3)
2021-03-14 22:17:21.032 - INFO - 5328 - azureml.automl.runtime.featurization.data_transformer._apply_transforms:502 - Transform memory estimate: 0 bytes, Current available memory: 23647514624 bytes
2021-03-14 22:17:21.032 - INFO - 5328 - azureml.automl.runtime.featurization.data_transformer._apply_transforms:512 - StringCastTransformer,CountVectorizer: Applying transform.
2021-03-14 22:17:21.145 - INFO - 5328 - azureml.automl.runtime.featurization.data_transformer._apply_transforms:526 - StringCastTransformer,CountVectorizer: Finished applying transform. Shape (32950, 3)
2021-03-14 22:17:21.146 - INFO - 5328 - azureml.automl.runtime.featurization.data_transformer._apply_transforms:502 - Transform memory estimate: 0 bytes, Current available memory: 23647260672 bytes
2021-03-14 22:17:21.146 - INFO - 5328 - azureml.automl.runtime.featurization.data_transformer._apply_transforms:512 - StringCastTransformer,CountVectorizer: Applying transform.
2021-03-14 22:17:21.273 - INFO - 5328 - azureml.automl.runtime.featurization.data_transformer._apply_transforms:526 - StringCastTransformer,CountVectorizer: Finished applying transform. Shape (32950, 3)
2021-03-14 22:17:21.275 - INFO - 5328 - azureml.automl.runtime.featurization.data_transformer._apply_transforms:502 - Transform memory estimate: 0 bytes, Current available memory: 23647006720 bytes
2021-03-14 22:17:21.275 - INFO - 5328 - azureml.automl.runtime.featurization.data_transformer._apply_transforms:512 - CatImputer,StringCastTransformer,LabelEncoderTransformer: Applying transform.
2021-03-14 22:17:21.299 - INFO - 5328 - azureml.automl.runtime.featurization.data_transformer._apply_transforms:526 - CatImputer,StringCastTransformer,LabelEncoderTransformer: Finished applying transform. Shape (32950, 1)
2021-03-14 22:17:21.300 - INFO - 5328 - azureml.automl.runtime.featurization.data_transformer._apply_transforms:502 - Transform memory estimate: 0 bytes, Current available memory: 23645990912 bytes
2021-03-14 22:17:21.300 - INFO - 5328 - azureml.automl.runtime.featurization.data_transformer._apply_transforms:512 - StringCastTransformer,CountVectorizer: Applying transform.
2021-03-14 22:17:21.407 - INFO - 5328 - azureml.automl.runtime.featurization.data_transformer._apply_transforms:526 - StringCastTransformer,CountVectorizer: Finished applying transform. Shape (32950, 10)
2021-03-14 22:17:21.408 - INFO - 5328 - azureml.automl.runtime.featurization.data_transformer._apply_transforms:502 - Transform memory estimate: 0 bytes, Current available memory: 23645356032 bytes
2021-03-14 22:17:21.408 - INFO - 5328 - azureml.automl.runtime.featurization.data_transformer._apply_transforms:512 - StringCastTransformer,CountVectorizer: Applying transform.
2021-03-14 22:17:21.516 - INFO - 5328 - azureml.automl.runtime.featurization.data_transformer._apply_transforms:526 - StringCastTransformer,CountVectorizer: Finished applying transform. Shape (32950, 5)
2021-03-14 22:17:21.517 - INFO - 5328 - azureml.automl.runtime.featurization.data_transformer._apply_transforms:502 - Transform memory estimate: 0 bytes, Current available memory: 23645229056 bytes
2021-03-14 22:17:21.517 - INFO - 5328 - azureml.automl.runtime.featurization.data_transformer._apply_transforms:512 - StringCastTransformer,CountVectorizer: Applying transform.
2021-03-14 22:17:21.665 - INFO - 5328 - azureml.automl.runtime.featurization.data_transformer._apply_transforms:526 - StringCastTransformer,CountVectorizer: Finished applying transform. Shape (32950, 39)
2021-03-14 22:17:21.665 - INFO - 5328 - azureml.automl.runtime.featurization.data_transformer._apply_transforms:502 - Transform memory estimate: 0 bytes, Current available memory: 23645483008 bytes
2021-03-14 22:17:21.666 - INFO - 5328 - azureml.automl.runtime.featurization.data_transformer._apply_transforms:512 - StringCastTransformer,CountVectorizer: Applying transform.
2021-03-14 22:17:21.808 - INFO - 5328 - azureml.automl.runtime.featurization.data_transformer._apply_transforms:526 - StringCastTransformer,CountVectorizer: Finished applying transform. Shape (32950, 26)
2021-03-14 22:17:21.810 - INFO - 5328 - azureml.automl.runtime.featurization.data_transformer._apply_transforms:502 - Transform memory estimate: 0 bytes, Current available memory: 23645229056 bytes
2021-03-14 22:17:21.810 - INFO - 5328 - azureml.automl.runtime.featurization.data_transformer._apply_transforms:512 - StringCastTransformer,CountVectorizer: Applying transform.
2021-03-14 22:17:21.954 - INFO - 5328 - azureml.automl.runtime.featurization.data_transformer._apply_transforms:526 - StringCastTransformer,CountVectorizer: Finished applying transform. Shape (32950, 8)
2021-03-14 22:17:21.954 - INFO - 5328 - azureml.automl.runtime.featurization.data_transformer._apply_transforms:502 - Transform memory estimate: 0 bytes, Current available memory: 23645483008 bytes
2021-03-14 22:17:21.955 - INFO - 5328 - azureml.automl.runtime.featurization.data_transformer._apply_transforms:512 - StringCastTransformer,CountVectorizer: Applying transform.
2021-03-14 22:17:22.060 - INFO - 5328 - azureml.automl.runtime.featurization.data_transformer._apply_transforms:526 - StringCastTransformer,CountVectorizer: Finished applying transform. Shape (32950, 3)
2021-03-14 22:17:22.060 - INFO - 5328 - azureml.automl.runtime.featurization.data_transformer._apply_transforms:535 - Finished applying transforms
2021-03-14 22:17:22.061 - INFO - 5328 - azureml.automl.runtime.shared.memory_utilities._is_low_memory:208 - Total ram: 29504057344 bytes, Current Available memory: 23645356032 bytes. Low memory threshold: 0.5
